[/bin/bash] #### Starting Python test
[/bin/bash] ## This is s3516423 on node865 and this job has the ID 2472972
[/bin/bash] ## current working directory: /home/s3516423/data1/Main-Code
[/bin/bash] ## Run script
actor_net_lr: 0.0001
batch_size: 128
beam_width: 10
critic_net_lr: 0.0001
data_dir: data
decode_len: 100
decoder: self
disable_tqdm: True
dropout: 0.1
emb_type: enhanced
embedding_dim: 128
entropy_coeff: 0.0
forget_bias: 1.0
gpu: 3
hidden_dim: 128
infer_type: batch
input_dim: 2
is_train: True
load_path: 
log_dir: logs/tsp100-2024-05-30_15-58-56
log_interval: 200
mask_glimpses: True
mask_pointer: True
max_grad_norm: 2.0
model_dir: logs/tsp100-2024-05-30_15-58-56/model
n_glimpses: 0
n_nodes: 100
n_process_blocks: 3
n_train: 10000
num_heads: 1
random_seed: 24601
rnn_layers: 2
save_interval: 10000
stdout_print: True
tanh_exploration: 10.0
task: tsp100
task_name: tsp
test_interval: 200
test_size: 1000
use_tanh: False
variation: F10
# Set random seed to 24601
# Set parameters for this run:
# Variation:    F10
# Task:         tsp100
# Decoder:      self
# Embed type:   enhanced
# n_glimpses:   0
# rnn layers:   2
# n_train:      10000
# num heads:    1
Traceback (most recent call last):
  File "/data1/s3516423/Main-Code/main.py", line 125, in <module>
    run_code = principal(args, prt)  # Create an instance
               ^^^^^^^^^^^^^^^^^^^^
  File "/data1/s3516423/Main-Code/main.py", line 31, in __init__
    self.agent = SelfAttentionAgent(args,
                 ^^^^^^^^^^^^^^^^^^^^^^^^
  File "/data1/s3516423/Main-Code/model/self_attention_agent.py", line 33, in __init__
    self.embedding = EnhancedLinearEmbedding(2, args['embedding_dim'])
                     ^^^^^^^^^^^^^^^^^^^^^^^^^^^^^^^^^^^^^^^^^^^^^^^^^
TypeError: EnhancedLinearEmbedding.__init__() missing 1 required positional argument: 'embedding_dim'
[/bin/bash] ## Script finished
